<?xml version="1.0" encoding="UTF-8"?>
<testsuite xmlns:xsi="http://www.w3.org/2001/XMLSchema-instance" xsi:noNamespaceSchemaLocation="https://maven.apache.org/surefire/maven-surefire-plugin/xsd/surefire-test-report-3.0.xsd" version="3.0" name="TestSuite" time="225.931" tests="1" errors="0" skipped="0" failures="1">
  <properties>
[...]
</properties>
  <testcase name="runScenario[&quot;User adds a laptop to the cart and removes it successfully&quot;, &quot;Forms Page End-to-End Validation&quot;](1)" classname="runner.CucumberRunnerTest" time="224.237">
    <failure message="Element not found or not clickable within timeout: .placeholder" type="java.lang.AssertionError"><![CDATA[java.lang.AssertionError: Element not found or not clickable within timeout: .placeholder
	at utilze.playwright.click(playwright.java:76)
	at pages.Ai.Ai.configureChatGpt(Ai.java:25)
	at steps.Ai.AISteps.iConfiguredTheChatGptForFetchingTheParamsBasedOnTheQuery(AISteps.java:19)
	at ✽.I configured the chatGpt for Fetching the params: "Accuracy, Hallucination, Relevance, Clarity, Completeness" based on the query(file:///Users/rohithkumar/Desktop/Ui-Playwright-frameWork/src/test/resources/features/Ai/TestingAI.feature:8)
Caused by: com.microsoft.playwright.TimeoutError: Error {
  message='Timeout 30000ms exceeded.
  name='TimeoutError
  stack='TimeoutError: Timeout 30000ms exceeded.
    at ProgressController.run (/private/var/folders/bk/s5n885l547g92h3k79r1qxdh0000gn/T/playwright-java-18110176634747584411/package/lib/server/progress.js:68:28)
    at FrameDispatcher._runCommand (/private/var/folders/bk/s5n885l547g92h3k79r1qxdh0000gn/T/playwright-java-18110176634747584411/package/lib/server/dispatchers/dispatcher.js:95:31)
    at DispatcherConnection.dispatch (/private/var/folders/bk/s5n885l547g92h3k79r1qxdh0000gn/T/playwright-java-18110176634747584411/package/lib/server/dispatchers/dispatcher.js:329:39)
}
Call log:
-   - waiting for locator(".placeholder")

	at com.microsoft.playwright.impl.WaitableResult.get(WaitableResult.java:52)
	at com.microsoft.playwright.impl.ChannelOwner.runUntil(ChannelOwner.java:138)
	at com.microsoft.playwright.impl.Connection.sendMessage(Connection.java:131)
	at com.microsoft.playwright.impl.ChannelOwner.sendMessage(ChannelOwner.java:124)
	at com.microsoft.playwright.impl.FrameImpl.clickImpl(FrameImpl.java:241)
	at com.microsoft.playwright.impl.FrameImpl.click(FrameImpl.java:232)
	at com.microsoft.playwright.impl.LocatorImpl.click(LocatorImpl.java:164)
	at com.microsoft.playwright.Locator.click(Locator.java:2500)
	at utilze.playwright.click(playwright.java:71)
	... 3 more
Caused by: com.microsoft.playwright.TimeoutError: Error {
  message='Timeout 30000ms exceeded.
  name='TimeoutError
  stack='TimeoutError: Timeout 30000ms exceeded.
    at ProgressController.run (/private/var/folders/bk/s5n885l547g92h3k79r1qxdh0000gn/T/playwright-java-18110176634747584411/package/lib/server/progress.js:68:28)
    at FrameDispatcher._runCommand (/private/var/folders/bk/s5n885l547g92h3k79r1qxdh0000gn/T/playwright-java-18110176634747584411/package/lib/server/dispatchers/dispatcher.js:95:31)
    at DispatcherConnection.dispatch (/private/var/folders/bk/s5n885l547g92h3k79r1qxdh0000gn/T/playwright-java-18110176634747584411/package/lib/server/dispatchers/dispatcher.js:329:39)
}
Call log:
-   - waiting for locator(".placeholder")

	at com.microsoft.playwright.impl.Connection.dispatch(Connection.java:257)
	at com.microsoft.playwright.impl.Connection.processOneMessage(Connection.java:214)
	at com.microsoft.playwright.impl.ChannelOwner.runUntil(ChannelOwner.java:136)
	... 10 more
]]></failure>
    <system-out><![CDATA[
========================================================================================================================
TEST SUITE STARTED
========================================================================================================================
Environment: google | Browser: chrome | Headless: false | BaseUrl: https://chatgpt.com
========================================================================================================================


@Agents @ui @regression @Agents
Scenario: User adds a laptop to the cart and removes it successfully                                                                     # src/test/resources/features/Ai/TestingAI.feature:15

▶ Starting: User adds a laptop to the cart and removes it successfully
  ✔ Given I navigate to the chatGpt                                                                                                      # steps.Ai.AISteps.iNavigateToTheChatGpt()

[ERROR] utilze.playwright - Element not found or not clickable within timeout: .placeholder
  ✘ And I configured the chatGpt for Fetching the params: "Accuracy, Hallucination, Relevance, Clarity, Completeness" based on the query # steps.Ai.AISteps.iConfiguredTheChatGptForFetchingTheParamsBasedOnTheQuery(java.lang.String)
        java.lang.AssertionError: Element not found or not clickable within timeout: .placeholder
        	at utilze.playwright.click(playwright.java:76)
        	at pages.Ai.Ai.configureChatGpt(Ai.java:25)
        	at steps.Ai.AISteps.iConfiguredTheChatGptForFetchingTheParamsBasedOnTheQuery(AISteps.java:19)
        	at ✽.I configured the chatGpt for Fetching the params: "Accuracy, Hallucination, Relevance, Clarity, Completeness" based on the query(file:///Users/rohithkumar/Desktop/Ui-Playwright-frameWork/src/test/resources/features/Ai/TestingAI.feature:8)
        Caused by: com.microsoft.playwright.TimeoutError: Error {
          message='Timeout 30000ms exceeded.
          name='TimeoutError
          stack='TimeoutError: Timeout 30000ms exceeded.
            at ProgressController.run (/private/var/folders/bk/s5n885l547g92h3k79r1qxdh0000gn/T/playwright-java-18110176634747584411/package/lib/server/progress.js:68:28)
            at FrameDispatcher._runCommand (/private/var/folders/bk/s5n885l547g92h3k79r1qxdh0000gn/T/playwright-java-18110176634747584411/package/lib/server/dispatchers/dispatcher.js:95:31)
            at DispatcherConnection.dispatch (/private/var/folders/bk/s5n885l547g92h3k79r1qxdh0000gn/T/playwright-java-18110176634747584411/package/lib/server/dispatchers/dispatcher.js:329:39)
        }
        Call log:
        -   - waiting for locator(".placeholder")
        
        	at com.microsoft.playwright.impl.WaitableResult.get(WaitableResult.java:52)
        	at com.microsoft.playwright.impl.ChannelOwner.runUntil(ChannelOwner.java:138)
        	at com.microsoft.playwright.impl.Connection.sendMessage(Connection.java:131)
        	at com.microsoft.playwright.impl.ChannelOwner.sendMessage(ChannelOwner.java:124)
        	at com.microsoft.playwright.impl.FrameImpl.clickImpl(FrameImpl.java:241)
        	at com.microsoft.playwright.impl.FrameImpl.click(FrameImpl.java:232)
        	at com.microsoft.playwright.impl.LocatorImpl.click(LocatorImpl.java:164)
        	at com.microsoft.playwright.Locator.click(Locator.java:2500)
        	at utilze.playwright.click(playwright.java:71)
        	... 3 more
        Caused by: com.microsoft.playwright.TimeoutError: Error {
          message='Timeout 30000ms exceeded.
          name='TimeoutError
          stack='TimeoutError: Timeout 30000ms exceeded.
            at ProgressController.run (/private/var/folders/bk/s5n885l547g92h3k79r1qxdh0000gn/T/playwright-java-18110176634747584411/package/lib/server/progress.js:68:28)
            at FrameDispatcher._runCommand (/private/var/folders/bk/s5n885l547g92h3k79r1qxdh0000gn/T/playwright-java-18110176634747584411/package/lib/server/dispatchers/dispatcher.js:95:31)
            at DispatcherConnection.dispatch (/private/var/folders/bk/s5n885l547g92h3k79r1qxdh0000gn/T/playwright-java-18110176634747584411/package/lib/server/dispatchers/dispatcher.js:329:39)
        }
        Call log:
        -   - waiting for locator(".placeholder")
        
        	at com.microsoft.playwright.impl.Connection.dispatch(Connection.java:257)
        	at com.microsoft.playwright.impl.Connection.processOneMessage(Connection.java:214)
        	at com.microsoft.playwright.impl.ChannelOwner.runUntil(ChannelOwner.java:136)
        	... 10 more
  ↷ When the user clicks on the "Phones" category in the categories section                                                              # steps.cart.cartSteps.theUserClicksOnTheCategoryInTheCategoriesSection(java.lang.String)
  ↷ Then the list of laptops should be displayed                                                                                         # steps.cart.cartSteps.theListOfLaptopsShouldBeDisplayed()
✗ FAILED: User adds a laptop to the cart and removes it successfully (51s)

        Embedding Failed Screenshot [image/png 45786 bytes]

  Screenshot: User_adds_a_laptop_to_the_cart_and_removes_it_successfully_131759.png
  URL: https://gemini.google.com/app
]]></system-out>
  </testcase>
</testsuite>