<?xml version="1.0" encoding="UTF-8"?>
<testng-results ignored="0" total="1" passed="1" failed="0" skipped="0">
  <reporter-output>
  </reporter-output>
  <suite started-at="2026-02-04T18:37:33 IST" name="Suite1" finished-at="2026-02-04T18:37:47 IST" duration-ms="13538">
    <groups>
      <group name="cucumber">
        <method signature="AbstractTestNGCucumberTests.runScenario(io.cucumber.testng.PickleWrapper,io.cucumber.testng.FeatureWrapper)[pri:0, instance:runner.CucumberRunnerTest@6c931d35]" name="runScenario" class="io.cucumber.testng.AbstractTestNGCucumberTests"/>
      </group> <!-- cucumber -->
    </groups>
    <test started-at="2026-02-04T18:37:33 IST" name="Cucumber Tests" finished-at="2026-02-04T18:37:47 IST" duration-ms="13538">
      <class name="runner.CucumberRunnerTest">
        <test-method is-config="true" signature="setUpClass(org.testng.ITestContext)[pri:0, instance:runner.CucumberRunnerTest@6c931d35]" started-at="2026-02-04T18:37:33 IST" name="setUpClass" finished-at="2026-02-04T18:37:33 IST" duration-ms="304" status="PASS">
          <params>
            <param index="0">
              <value>
                <![CDATA[org.testng.TestRunner@219edc05]]>
              </value>
            </param>
          </params>
          <reporter-output>
          </reporter-output>
        </test-method> <!-- setUpClass -->
        <test-method signature="runScenario(io.cucumber.testng.PickleWrapper,io.cucumber.testng.FeatureWrapper)[pri:0, instance:runner.CucumberRunnerTest@6c931d35]" started-at="2026-02-04T18:37:33 IST" name="runScenario" description="Runs Cucumber Scenarios" data-provider="scenarios" finished-at="2026-02-04T18:37:47 IST" duration-ms="13168" status="PASS">
          <params>
            <param index="0">
              <value>
                <![CDATA["User adds a laptop to the cart and removes it successfully"]]>
              </value>
            </param>
            <param index="1">
              <value>
                <![CDATA["Smoke Test"]]>
              </value>
            </param>
          </params>
          <reporter-output>
          </reporter-output>
        </test-method> <!-- runScenario -->
        <test-method is-config="true" signature="tearDownClass()[pri:0, instance:runner.CucumberRunnerTest@6c931d35]" started-at="2026-02-04T18:37:47 IST" name="tearDownClass" finished-at="2026-02-04T18:37:47 IST" duration-ms="49" status="PASS">
          <reporter-output>
          </reporter-output>
        </test-method> <!-- tearDownClass -->
      </class> <!-- runner.CucumberRunnerTest -->
    </test> <!-- Cucumber Tests -->
  </suite> <!-- Suite1 -->
</testng-results>
