<?xml version="1.0" encoding="UTF-8"?>
<testsuite xmlns:xsi="http://www.w3.org/2001/XMLSchema-instance" xsi:noNamespaceSchemaLocation="https://maven.apache.org/surefire/maven-surefire-plugin/xsd/surefire-test-report-3.0.xsd" version="3.0" name="TestSuite" time="14.03" tests="1" errors="0" skipped="0" failures="0">
  <properties>
[...]
</properties>
  <testcase name="runScenario[&quot;User adds a laptop to the cart and removes it successfully&quot;, &quot;Smoke Test&quot;](1)" classname="runner.CucumberRunnerTest" time="13.168">
    <system-out><![CDATA[
========================================================================================================================
TEST SUITE STARTED
========================================================================================================================
Environment: demoBlaze | Browser: chrome | Headless: true | BaseUrl: https://www.demoblaze.com/index.html
========================================================================================================================


@smoke @removingCart
Scenario: User adds a laptop to the cart and removes it successfully            # src/test/resources/features/smoke.feature:20

▶ Starting: User adds a laptop to the cart and removes it successfully
  Tags: [@removingCart]
  ✔ Given I navigate to the HomePage of DemoBlaze                               # steps.cart.cartSteps.iNavigateToTheHomePageOfDemoBlaze()
  ✔ When the user clicks on the "Phones" category in the categories section     # steps.cart.cartSteps.theUserClicksOnTheCategoryInTheCategoriesSection(java.lang.String)
  ✔ Then the list of laptops should be displayed                                # steps.cart.cartSteps.theListOfLaptopsShouldBeDisplayed()
  ✔ When the user clicks on the "third" laptop from the list                    # steps.cart.cartSteps.theUserClicksOnTheLaptopFromTheList(java.lang.String)
  ✔ Then the user should land on the "Phones detail page"                       # steps.cart.cartSteps.theUserShouldLandOnThe(java.lang.String)
  ✔ And the user memorizes the laptop details (name, price, and specifications) # steps.cart.cartSteps.theUserMemorizesTheLaptopDetailsNamePriceAndSpecifications()
  ✔ When the user clicks on the "Add to cart" button                            # steps.cart.cartSteps.theUserClicksOnTheButton(java.lang.String)
  ✔ Then a popup with text "Product added" should be visible                    # steps.cart.cartSteps.aPopupWithTextShouldBeVisible(java.lang.String)
  ✔ And the popup should automatically disappear after a short duration         # steps.cart.cartSteps.thePopupShouldAutomaticallyDisappearAfterAShortDuration()
  ✔ When the user clicks on the "Cart" option from the navbar                   # steps.cart.cartSteps.theUserClicksOnTheOptionFromTheNavbar(java.lang.String)
  ✔ Then the user should land on the "cart page"                                # steps.cart.cartSteps.theUserShouldLandOnThe(java.lang.String)
  ✔ And the cart should contain the same laptop which was memorized             # steps.cart.cartSteps.theCartShouldContainTheSameLaptopWhichWasMemorized()
  ✔ When the user clicks the "Delete" hyperlink next to the product             # steps.cart.cartSteps.theUserClicksTheHyperlinkNextToTheProduct(java.lang.String)
  ✔ Then the laptop should be removed from the cart                             # steps.cart.cartSteps.theLaptopShouldBeRemovedFromTheCart()
  ✔ And the cart page should not contain any products                           # steps.cart.cartSteps.theCartPageShouldNotContainAnyProducts()
✓ PASSED: User adds a laptop to the cart and removes it successfully (12s)
]]></system-out>
  </testcase>
</testsuite>