-------------------------------------------------------------------------------
Test set: TestSuite
-------------------------------------------------------------------------------
Tests run: 1, Failures: 1, Errors: 0, Skipped: 0, Time elapsed: 225.931 s <<< FAILURE! - in TestSuite
runner.CucumberRunnerTest.runScenario["User adds a laptop to the cart and removes it successfully", "Forms Page End-to-End Validation"](1)  Time elapsed: 224.237 s  <<< FAILURE!
java.lang.AssertionError: Element not found or not clickable within timeout: .placeholder
	at utilze.playwright.click(playwright.java:76)
	at pages.Ai.Ai.configureChatGpt(Ai.java:25)
	at steps.Ai.AISteps.iConfiguredTheChatGptForFetchingTheParamsBasedOnTheQuery(AISteps.java:19)
	at ✽.I configured the chatGpt for Fetching the params: "Accuracy, Hallucination, Relevance, Clarity, Completeness" based on the query(file:///Users/rohithkumar/Desktop/Ui-Playwright-frameWork/src/test/resources/features/Ai/TestingAI.feature:8)
Caused by: com.microsoft.playwright.TimeoutError: Error {
  message='Timeout 30000ms exceeded.
  name='TimeoutError
  stack='TimeoutError: Timeout 30000ms exceeded.
    at ProgressController.run (/private/var/folders/bk/s5n885l547g92h3k79r1qxdh0000gn/T/playwright-java-18110176634747584411/package/lib/server/progress.js:68:28)
    at FrameDispatcher._runCommand (/private/var/folders/bk/s5n885l547g92h3k79r1qxdh0000gn/T/playwright-java-18110176634747584411/package/lib/server/dispatchers/dispatcher.js:95:31)
    at DispatcherConnection.dispatch (/private/var/folders/bk/s5n885l547g92h3k79r1qxdh0000gn/T/playwright-java-18110176634747584411/package/lib/server/dispatchers/dispatcher.js:329:39)
}
Call log:
-   - waiting for locator(".placeholder")

	at com.microsoft.playwright.impl.WaitableResult.get(WaitableResult.java:52)
	at com.microsoft.playwright.impl.ChannelOwner.runUntil(ChannelOwner.java:138)
	at com.microsoft.playwright.impl.Connection.sendMessage(Connection.java:131)
	at com.microsoft.playwright.impl.ChannelOwner.sendMessage(ChannelOwner.java:124)
	at com.microsoft.playwright.impl.FrameImpl.clickImpl(FrameImpl.java:241)
	at com.microsoft.playwright.impl.FrameImpl.click(FrameImpl.java:232)
	at com.microsoft.playwright.impl.LocatorImpl.click(LocatorImpl.java:164)
	at com.microsoft.playwright.Locator.click(Locator.java:2500)
	at utilze.playwright.click(playwright.java:71)
	... 3 more
Caused by: com.microsoft.playwright.TimeoutError: Error {
  message='Timeout 30000ms exceeded.
  name='TimeoutError
  stack='TimeoutError: Timeout 30000ms exceeded.
    at ProgressController.run (/private/var/folders/bk/s5n885l547g92h3k79r1qxdh0000gn/T/playwright-java-18110176634747584411/package/lib/server/progress.js:68:28)
    at FrameDispatcher._runCommand (/private/var/folders/bk/s5n885l547g92h3k79r1qxdh0000gn/T/playwright-java-18110176634747584411/package/lib/server/dispatchers/dispatcher.js:95:31)
    at DispatcherConnection.dispatch (/private/var/folders/bk/s5n885l547g92h3k79r1qxdh0000gn/T/playwright-java-18110176634747584411/package/lib/server/dispatchers/dispatcher.js:329:39)
}
Call log:
-   - waiting for locator(".placeholder")

	at com.microsoft.playwright.impl.Connection.dispatch(Connection.java:257)
	at com.microsoft.playwright.impl.Connection.processOneMessage(Connection.java:214)
	at com.microsoft.playwright.impl.ChannelOwner.runUntil(ChannelOwner.java:136)
	... 10 more

